<?xml version="1.0" encoding="UTF-8"?>
<testsuite name="com.google.protobuf.DescriptorsTest" time="0.131" tests="22" errors="0" skipped="0" failures="0">
  <properties>
[...]
</properties>
  <testcase name="testFieldTypeEnumMapping" classname="com.google.protobuf.DescriptorsTest" time="0.004"/>
  <testcase name="testFileDescriptor" classname="com.google.protobuf.DescriptorsTest" time="0.001"/>
  <testcase name="testDescriptor" classname="com.google.protobuf.DescriptorsTest" time="0.001"/>
  <testcase name="testFieldDescriptor" classname="com.google.protobuf.DescriptorsTest" time="0"/>
  <testcase name="testFieldDescriptorLabel" classname="com.google.protobuf.DescriptorsTest" time="0.001"/>
  <testcase name="testFieldDescriptorDefault" classname="com.google.protobuf.DescriptorsTest" time="0.009"/>
  <testcase name="testEnumDescriptor" classname="com.google.protobuf.DescriptorsTest" time="0"/>
  <testcase name="testServiceDescriptor" classname="com.google.protobuf.DescriptorsTest" time="0.005"/>
  <testcase name="testCustomOptions" classname="com.google.protobuf.DescriptorsTest" time="0.066"/>
  <testcase name="testFieldTypeTablesMatch" classname="com.google.protobuf.DescriptorsTest" time="0"/>
  <testcase name="testJavaTypeTablesMatch" classname="com.google.protobuf.DescriptorsTest" time="0"/>
  <testcase name="testEnormousDescriptor" classname="com.google.protobuf.DescriptorsTest" time="0.024"/>
  <testcase name="testDescriptorValidatorException" classname="com.google.protobuf.DescriptorsTest" time="0.01"/>
  <testcase name="testDescriptorComplexCrosslink" classname="com.google.protobuf.DescriptorsTest" time="0"/>
  <testcase name="testDependencyOrder" classname="com.google.protobuf.DescriptorsTest" time="0"/>
  <testcase name="testInvalidPublicDependency" classname="com.google.protobuf.DescriptorsTest" time="0"/>
  <testcase name="testHiddenDependency" classname="com.google.protobuf.DescriptorsTest" time="0.001"/>
  <testcase name="testPublicDependency" classname="com.google.protobuf.DescriptorsTest" time="0"/>
  <testcase name="testComplexNamespacePublicDependency" classname="com.google.protobuf.DescriptorsTest" time="0.006"/>
  <testcase name="testOneofDescriptor" classname="com.google.protobuf.DescriptorsTest" time="0"/>
  <testcase name="testMessageDescriptorExtensions" classname="com.google.protobuf.DescriptorsTest" time="0.003"/>
  <testcase name="testPackedEnumField" classname="com.google.protobuf.DescriptorsTest" time="0"/>
</testsuite>